\BOOKMARK [1][-]{section.1}{Introduction}{}% 1
\BOOKMARK [1][-]{section.2}{The problem}{}% 2
\BOOKMARK [2][-]{subsection.2.1}{Existing solutions and limitations}{section.2}% 3
\BOOKMARK [1][-]{section.3}{Proposed solution}{}% 4
\BOOKMARK [2][-]{subsection.3.1}{Implicated code}{section.3}% 5
\BOOKMARK [2][-]{subsection.3.2}{Bug and commit linking technique}{section.3}% 6
\BOOKMARK [2][-]{subsection.3.3}{Ownership metrics}{section.3}% 7
\BOOKMARK [2][-]{subsection.3.4}{Classification}{section.3}% 8
\BOOKMARK [1][-]{section.4}{Methodology}{}% 9
\BOOKMARK [2][-]{subsection.4.1}{Research questions}{section.4}% 10
\BOOKMARK [2][-]{subsection.4.2}{Study subjects}{section.4}% 11
\BOOKMARK [2][-]{subsection.4.3}{Research steps}{section.4}% 12
\BOOKMARK [3][-]{subsubsection.4.3.1}{Project history dataset}{subsection.4.3}% 13
\BOOKMARK [3][-]{subsubsection.4.3.2}{Metrics computation}{subsection.4.3}% 14
\BOOKMARK [3][-]{subsubsection.4.3.3}{Classification}{subsection.4.3}% 15
\BOOKMARK [1][-]{section.5}{Evaluation}{}% 16
\BOOKMARK [2][-]{subsection.5.1}{Experiment 1: Ownership and granularity}{section.5}% 17
\BOOKMARK [3][-]{subsubsection.5.1.1}{Experiment design}{subsection.5.1}% 18
\BOOKMARK [3][-]{subsubsection.5.1.2}{Results}{subsection.5.1}% 19
\BOOKMARK [2][-]{subsection.5.2}{Experiment 2: Logistic regression}{section.5}% 20
\BOOKMARK [3][-]{subsubsection.5.2.1}{Experiment design}{subsection.5.2}% 21
\BOOKMARK [3][-]{subsubsection.5.2.2}{Results}{subsection.5.2}% 22
\BOOKMARK [2][-]{subsection.5.3}{Experiment 3: Minor-major thresholds}{section.5}% 23
\BOOKMARK [3][-]{subsubsection.5.3.1}{Experiment design}{subsection.5.3}% 24
\BOOKMARK [3][-]{subsubsection.5.3.2}{Results}{subsection.5.3}% 25
\BOOKMARK [2][-]{subsection.5.4}{Summary of results}{section.5}% 26
\BOOKMARK [2][-]{subsection.5.5}{Discussion}{section.5}% 27
\BOOKMARK [1][-]{section.6}{Threats to Validity}{}% 28
\BOOKMARK [1][-]{section.7}{Related Work}{}% 29
\BOOKMARK [1][-]{section.8}{Conclusion \046 Future Work}{}% 30
\BOOKMARK [1][-]{section.9}{Acknowledgments}{}% 31
\BOOKMARK [1][-]{section.10}{References}{}% 32
